<?xml version="1.0" encoding="UTF-8"?><testsuites failures="0" name="dependency-check" tests="21"><testsuite failures="0" errors="0" time="0" id="0" name="/Users/starvoid/uni-projects/SSSD/owasp_juice/.eslintrc.js" package=".eslintrc.js" skipped="0" tests="1" timestamp="2025-11-01T13:55:15.842558"><testcase classname="dependency-check" name=".eslintrc.js"/></testsuite><testsuite failures="0" errors="0" time="0" id="1" name="/Users/starvoid/uni-projects/SSSD/owasp_juice/frontend/.eslintrc.js" package=".eslintrc.js" skipped="0" tests="1" timestamp="2025-11-01T13:55:15.842558"><testcase classname="dependency-check" name=".eslintrc.js"/></testsuite><testsuite failures="0" errors="0" time="0" id="2" name="/Users/starvoid/uni-projects/SSSD/owasp_juice/frontend/.stylelintrc.js" package=".stylelintrc.js" skipped="0" tests="1" timestamp="2025-11-01T13:55:15.842558"><testcase classname="dependency-check" name=".stylelintrc.js"/></testsuite><testsuite failures="0" errors="0" time="0" id="3" name="/Users/starvoid/uni-projects/SSSD/owasp_juice/frontend/src/assets/private/CopyShader.js" package="CopyShader.js" skipped="0" tests="1" timestamp="2025-11-01T13:55:15.842558"><testcase classname="dependency-check" name="CopyShader.js"/></testsuite><testsuite failures="0" errors="0" time="0" id="4" name="/Users/starvoid/uni-projects/SSSD/owasp_juice/frontend/src/assets/private/EffectComposer.js" package="EffectComposer.js" skipped="0" tests="1" timestamp="2025-11-01T13:55:15.842558"><testcase classname="dependency-check" name="EffectComposer.js"/></testsuite><testsuite failures="0" errors="0" time="0" id="5" name="/Users/starvoid/uni-projects/SSSD/owasp_juice/Gruntfile.js" package="Gruntfile.js" skipped="0" tests="1" timestamp="2025-11-01T13:55:15.842558"><testcase classname="dependency-check" name="Gruntfile.js"/></testsuite><testsuite failures="0" errors="0" time="0" id="6" name="/Users/starvoid/uni-projects/SSSD/owasp_juice/frontend/src/assets/private/MaskPass.js" package="MaskPass.js" skipped="0" tests="1" timestamp="2025-11-01T13:55:15.842558"><testcase classname="dependency-check" name="MaskPass.js"/></testsuite><testsuite failures="0" errors="0" time="0" id="7" name="/Users/starvoid/uni-projects/SSSD/owasp_juice/frontend/src/assets/private/OrbitControls.js" package="OrbitControls.js" skipped="0" tests="1" timestamp="2025-11-01T13:55:15.842558"><testcase classname="dependency-check" name="OrbitControls.js"/></testsuite><testsuite failures="0" errors="0" time="0" id="8" name="/Users/starvoid/uni-projects/SSSD/owasp_juice/frontend/src/assets/private/RenderPass.js" package="RenderPass.js" skipped="0" tests="1" timestamp="2025-11-01T13:55:15.842558"><testcase classname="dependency-check" name="RenderPass.js"/></testsuite><testsuite failures="0" errors="0" time="0" id="9" name="/Users/starvoid/uni-projects/SSSD/owasp_juice/frontend/src/assets/private/ShaderPass.js" package="ShaderPass.js" skipped="0" tests="1" timestamp="2025-11-01T13:55:15.842558"><testcase classname="dependency-check" name="ShaderPass.js"/></testsuite><testsuite failures="0" errors="0" time="0" id="10" name="/Users/starvoid/uni-projects/SSSD/owasp_juice/test/files/arbitraryFileWrite.zip" package="arbitraryFileWrite.zip" skipped="0" tests="1" timestamp="2025-11-01T13:55:15.842558"><testcase classname="dependency-check" name="arbitraryFileWrite.zip"/></testsuite><testsuite failures="0" errors="0" time="0" id="11" name="/Users/starvoid/uni-projects/SSSD/owasp_juice/frontend/src/assets/private/dat.gui.min.js" package="dat.gui.min.js" skipped="0" tests="1" timestamp="2025-11-01T13:55:15.842558"><testcase classname="dependency-check" name="dat.gui.min.js"/></testsuite><testsuite failures="0" errors="0" time="0" id="12" name="/Users/starvoid/uni-projects/SSSD/owasp_juice/test/files/invalidTypeForClient.exe" package="invalidTypeForClient.exe" skipped="0" tests="1" timestamp="2025-11-01T13:55:15.842558"><testcase classname="dependency-check" name="invalidTypeForClient.exe"/></testsuite><testsuite failures="0" errors="0" time="0" id="13" name="/Users/starvoid/uni-projects/SSSD/owasp_juice/frontend/src/karma.conf.js" package="karma.conf.js" skipped="0" tests="1" timestamp="2025-11-01T13:55:15.842558"><testcase classname="dependency-check" name="karma.conf.js"/></testsuite><testsuite failures="0" errors="0" time="0" id="14" name="/Users/starvoid/uni-projects/SSSD/owasp_juice/frontend/package.json" package="package.json" skipped="0" tests="1" timestamp="2025-11-01T13:55:15.842558"><testcase classname="dependency-check" name="package.json"/></testsuite><testsuite failures="0" errors="0" time="0" id="15" name="/Users/starvoid/uni-projects/SSSD/owasp_juice/package.json" package="package.json" skipped="0" tests="1" timestamp="2025-11-01T13:55:15.842558"><testcase classname="dependency-check" name="package.json"/></testsuite><testsuite failures="0" errors="0" time="0" id="16" name="/Users/starvoid/uni-projects/SSSD/owasp_juice/test/files/passwordProtected.zip" package="passwordProtected.zip" skipped="0" tests="1" timestamp="2025-11-01T13:55:15.842558"><testcase classname="dependency-check" name="passwordProtected.zip"/></testsuite><testsuite failures="0" errors="0" time="0" id="17" name="/Users/starvoid/uni-projects/SSSD/owasp_juice/frontend/src/assets/private/stats.min.js" package="stats.min.js" skipped="0" tests="1" timestamp="2025-11-01T13:55:15.842558"><testcase classname="dependency-check" name="stats.min.js"/></testsuite><testsuite failures="0" errors="0" time="0" id="18" name="/Users/starvoid/uni-projects/SSSD/owasp_juice/frontend/src/assets/private/three.js" package="three.js" skipped="0" tests="1" timestamp="2025-11-01T13:55:15.842558"><testcase classname="dependency-check" name="three.js"/></testsuite><testsuite failures="0" errors="0" time="0" id="19" name="/Users/starvoid/uni-projects/SSSD/owasp_juice/test/files/videoExploit.zip" package="videoExploit.zip" skipped="0" tests="1" timestamp="2025-11-01T13:55:15.842558"><testcase classname="dependency-check" name="videoExploit.zip"/></testsuite><testsuite failures="0" errors="0" time="0" id="20" name="/Users/starvoid/uni-projects/SSSD/owasp_juice/frontend/webpack.angular.js" package="webpack.angular.js" skipped="0" tests="1" timestamp="2025-11-01T13:55:15.842558"><testcase classname="dependency-check" name="webpack.angular.js"/></testsuite></testsuites>